<?xml version="1.0" encoding="UTF-8"?>
<testsuite name="com.example.myRetail.control.ProductControllerTest" tests="6" skipped="0" failures="0" errors="0" timestamp="2018-09-26T15:55:13" hostname="galvin" time="0.737">
  <properties/>
  <testcase name="get_product() with valid id 75519802" classname="com.example.myRetail.control.ProductControllerTest" time="0.388"/>
  <testcase name="get_product() with valid id 52696549" classname="com.example.myRetail.control.ProductControllerTest" time="0.049"/>
  <testcase name="get_product() with valid id 13860428" classname="com.example.myRetail.control.ProductControllerTest" time="0.06"/>
  <testcase name="get_product() with INVALID id" classname="com.example.myRetail.control.ProductControllerTest" time="0.052"/>
  <testcase name="set_product() value to $20.00" classname="com.example.myRetail.control.ProductControllerTest" time="0.09"/>
  <testcase name="set_product back to $19.98" classname="com.example.myRetail.control.ProductControllerTest" time="0.097"/>
  <system-out><![CDATA[]]></system-out>
  <system-err><![CDATA[]]></system-err>
</testsuite>
